c:\users\user\desktop\agile-software-development-course\session2\soundex-vs\soundex\x64\debug\vc141.pdb
c:\users\user\desktop\agile-software-development-course\session2\soundex-vs\soundex\x64\debug\vc141.idb
c:\users\user\desktop\agile-software-development-course\session2\soundex-vs\soundex\x64\debug\soundextest.obj
c:\users\user\desktop\agile-software-development-course\session2\soundex-vs\soundex\x64\debug\soundex.pch
c:\users\user\desktop\agile-software-development-course\session2\soundex-vs\soundex\x64\debug\pch.obj
c:\users\user\desktop\agile-software-development-course\session2\soundex-vs\soundex\x64\debug\main.obj
c:\users\user\desktop\agile-software-development-course\session2\soundex-vs\x64\debug\soundex.pdb
c:\users\user\desktop\agile-software-development-course\session2\soundex-vs\soundex\x64\debug\soundex.tlog\cl.command.1.tlog
c:\users\user\desktop\agile-software-development-course\session2\soundex-vs\soundex\x64\debug\soundex.tlog\cl.read.1.tlog
c:\users\user\desktop\agile-software-development-course\session2\soundex-vs\soundex\x64\debug\soundex.tlog\cl.write.1.tlog
c:\users\user\desktop\agile-software-development-course\session2\soundex-vs\soundex\x64\debug\soundex.tlog\link-cvtres.read.1.tlog
c:\users\user\desktop\agile-software-development-course\session2\soundex-vs\soundex\x64\debug\soundex.tlog\link-cvtres.write.1.tlog
c:\users\user\desktop\agile-software-development-course\session2\soundex-vs\soundex\x64\debug\soundex.tlog\link-rc.read.1.tlog
c:\users\user\desktop\agile-software-development-course\session2\soundex-vs\soundex\x64\debug\soundex.tlog\link-rc.write.1.tlog
c:\users\user\desktop\agile-software-development-course\session2\soundex-vs\soundex\x64\debug\soundex.tlog\link.6444-cvtres.read.1.tlog
c:\users\user\desktop\agile-software-development-course\session2\soundex-vs\soundex\x64\debug\soundex.tlog\link.6444-cvtres.write.1.tlog
c:\users\user\desktop\agile-software-development-course\session2\soundex-vs\soundex\x64\debug\soundex.tlog\link.6444-rc.read.1.tlog
c:\users\user\desktop\agile-software-development-course\session2\soundex-vs\soundex\x64\debug\soundex.tlog\link.6444-rc.write.1.tlog
c:\users\user\desktop\agile-software-development-course\session2\soundex-vs\soundex\x64\debug\soundex.tlog\link.6444.read.1.tlog
c:\users\user\desktop\agile-software-development-course\session2\soundex-vs\soundex\x64\debug\soundex.tlog\link.6444.write.1.tlog
c:\users\user\desktop\agile-software-development-course\session2\soundex-vs\soundex\x64\debug\soundex.tlog\link.command.1.tlog
c:\users\user\desktop\agile-software-development-course\session2\soundex-vs\soundex\x64\debug\soundex.tlog\link.read.1.tlog
c:\users\user\desktop\agile-software-development-course\session2\soundex-vs\soundex\x64\debug\soundex.tlog\link.write.1.tlog
